<?xml version="1.0" encoding="UTF-8"?>
<!-- Generated by org.testng.reporters.JUnitReportReporter -->
<testsuite hostname="LAPTOP-IPUGRILU" failures="0" tests="1" name="Ninzacrm.Dateaftercreating" time="21.888" errors="0" timestamp="2025-07-24T07:29:37 AST" skipped="0">
  <testcase classname="Ninzacrm.Dateaftercreating" name="Dateaftercreating" time="21.888"/>
  <system-out>
    <![CDATA[db connectivity open
preconditions
====Createcampaign_statusFAILURE===
====CreateproductFAILURE===]]>
  </system-out>
</testsuite> <!-- Ninzacrm.Dateaftercreating -->
