<?xml version="1.0" encoding="UTF-8"?>
<!-- Generated by org.testng.reporters.JUnitReportReporter -->
<testsuite hostname="LAPTOP-IPUGRILU" failures="0" tests="8" name="Helperattributes.Datapoviderwithexcel" time="110.670" errors="0" timestamp="2025-07-14T04:23:02 AST" skipped="0">
  <testcase classname="Helperattributes.Datapoviderwithexcel" name="login" time="13.684"/>
  <testcase classname="Helperattributes.Datapoviderwithexcel" name="login" time="14.884"/>
  <testcase classname="Helperattributes.Datapoviderwithexcel" name="login" time="14.510"/>
  <testcase classname="Helperattributes.Datapoviderwithexcel" name="login" time="13.595"/>
  <testcase classname="Helperattributes.Datapoviderwithexcel" name="login" time="13.851"/>
  <testcase classname="Helperattributes.Datapoviderwithexcel" name="login" time="12.372"/>
  <testcase classname="Helperattributes.Datapoviderwithexcel" name="login" time="13.197"/>
  <testcase classname="Helperattributes.Datapoviderwithexcel" name="login" time="14.577"/>
</testsuite> <!-- Helperattributes.Datapoviderwithexcel -->
