<?xml version="1.0" encoding="UTF-8"?>
<!-- Generated by org.testng.reporters.JUnitReportReporter -->
<testsuite hostname="LAPTOP-IPUGRILU" failures="0" tests="1" name="Ninzacrm.Createcampaign_status" time="20.987" errors="0" timestamp="2025-07-25T12:39:50 AST" skipped="0">
  <testcase classname="Ninzacrm.Createcampaign_status" name="Createcampaign_status" time="20.987"/>
  <system-out>
    <![CDATA[report configuration
db connectivity open
preconditions]]>
  </system-out>
</testsuite> <!-- Ninzacrm.Createcampaign_status -->
