<?xml version="1.0" encoding="UTF-8"?>
<!-- Generated by org.testng.reporters.JUnitReportReporter -->
<testsuite hostname="LAPTOP-IPUGRILU" failures="0" tests="3" name="Helperattributes.Priority" time="0.370" errors="0" timestamp="2025-07-13T20:25:41 AST" skipped="0">
  <testcase classname="Helperattributes.Priority" name="bookmy" time="0.292">
    <system-out>
      <![CDATA[book my executed]]>
    </system-out>
  </testcase> <!-- bookmy -->
  <testcase classname="Helperattributes.Priority" name="amazon" time="0.011">
    <system-out>
      <![CDATA[amazon executed]]>
    </system-out>
  </testcase> <!-- amazon -->
  <testcase classname="Helperattributes.Priority" name="flipkart" time="0.067">
    <system-out>
      <![CDATA[flipkart executed]]>
    </system-out>
  </testcase> <!-- flipkart -->
  <system-out>
    <![CDATA[book my executed
amazon executed
flipkart executed]]>
  </system-out>
</testsuite> <!-- Helperattributes.Priority -->
