<?xml version="1.0" encoding="UTF-8"?>
<!-- Generated by org.testng.reporters.JUnitReportReporter -->
<testsuite hostname="LAPTOP-IPUGRILU" failures="0" tests="3" name="Screenshot.Screenshotfb" time="28.928" errors="0" timestamp="2025-07-21T15:53:27 AST" skipped="0">
  <testcase classname="Screenshot.Screenshotfb" name="demo" time="8.077"/>
  <testcase classname="Screenshot.Screenshotfb" name="demo" time="9.908"/>
  <testcase classname="Screenshot.Screenshotfb" name="demo" time="10.943"/>
</testsuite> <!-- Screenshot.Screenshotfb -->
