<?xml version="1.0" encoding="UTF-8"?>
<!-- Generated by org.testng.reporters.JUnitReportReporter -->
<testsuite hostname="LAPTOP-IPUGRILU" failures="0" tests="3" name="Helperattributes.Dataprovider" time="0.046" errors="0" timestamp="2025-07-13T21:09:06 AST" skipped="0">
  <testcase classname="Helperattributes.Dataprovider" name="login" time="0.029"/>
  <testcase classname="Helperattributes.Dataprovider" name="login" time="0.007"/>
  <testcase classname="Helperattributes.Dataprovider" name="login" time="0.010"/>
</testsuite> <!-- Helperattributes.Dataprovider -->
