<?xml version="1.0" encoding="UTF-8"?>
<!-- Generated by org.testng.reporters.JUnitReportReporter -->
<testsuite hostname="LAPTOP-IPUGRILU" failures="0" tests="3" name="Helperattributes.enabled" time="0.051" errors="0" timestamp="2025-07-13T20:46:09 AST" skipped="1">
  <testcase classname="Helperattributes.enabled" name="all" time="0.011">
    <system-out>
      <![CDATA[all executed]]>
    </system-out>
  </testcase> <!-- all -->
  <testcase classname="Helperattributes.enabled" name="a10" time="0.040">
    <system-out>
      <![CDATA[a10 executed]]>
    </system-out>
  </testcase> <!-- a10 -->
  <testcase classname="Helperattributes.enabled" name="a22">
    <skipped/>
  </testcase> <!-- a22 -->
  <system-out>
    <![CDATA[a10 executed
all executed]]>
  </system-out>
</testsuite> <!-- Helperattributes.enabled -->
