<?xml version="1.0" encoding="UTF-8"?>
<!-- Generated by org.testng.reporters.JUnitReportReporter -->
<testsuite hostname="LAPTOP-IPUGRILU" failures="0" tests="1" name="Hardassert_fb" time="8.510" errors="0" timestamp="2025-07-21T07:24:38 AST" skipped="0">
  <testcase classname="Hardassert_fb" name="demo" time="8.510"/>
</testsuite> <!-- Hardassert_fb -->
