<?xml version="1.0" encoding="UTF-8"?>
<!-- Generated by org.testng.reporters.JUnitReportReporter -->
<testsuite hostname="LAPTOP-IPUGRILU" failures="0" tests="3" name="Helperattributes.Dependsonmethod" time="0.070" errors="0" timestamp="2025-07-13T20:53:08 AST" skipped="0">
  <testcase classname="Helperattributes.Dependsonmethod" name="edit" time="0.011">
    <system-out>
      <![CDATA[edit executed]]>
    </system-out>
  </testcase> <!-- edit -->
  <testcase classname="Helperattributes.Dependsonmethod" name="delete" time="0.010">
    <system-out>
      <![CDATA[delete executed]]>
    </system-out>
  </testcase> <!-- delete -->
  <testcase classname="Helperattributes.Dependsonmethod" name="createAcc" time="0.049">
    <system-out>
      <![CDATA[create executed]]>
    </system-out>
  </testcase> <!-- createAcc -->
  <system-out>
    <![CDATA[create executed
edit executed
delete executed]]>
  </system-out>
</testsuite> <!-- Helperattributes.Dependsonmethod -->
