<?xml version="1.0" encoding="UTF-8"?>
<!-- Generated by org.testng.reporters.JUnitReportReporter -->
<testsuite hostname="LAPTOP-IPUGRILU" failures="0" tests="1" name="Configurationannotations.Baseclass" time="0.027" errors="0" timestamp="2025-07-15T19:34:49 AST" skipped="0">
  <testcase classname="Configurationannotations.Baseclass" name="TC001" time="0.027">
    <system-out>
      <![CDATA[testcase done]]>
    </system-out>
  </testcase> <!-- TC001 -->
  <system-out>
    <![CDATA[db connectivity open
preconditions
launching browser
login
testcase done
logout
closebroswer
postconditions
db connectivty close]]>
  </system-out>
</testsuite> <!-- Configurationannotations.Baseclass -->
