<?xml version="1.0" encoding="UTF-8"?>
<!-- Generated by org.testng.reporters.JUnitReportReporter -->
<testsuite hostname="LAPTOP-IPUGRILU" failures="0" tests="6" name="Helperattributes.Threadpoolsize" time="74.246" errors="0" timestamp="2025-07-13T20:39:58 AST" skipped="0">
  <testcase classname="Helperattributes.Threadpoolsize" name="login" time="13.411">
    <system-out>
      <![CDATA[login]]>
    </system-out>
  </testcase> <!-- login -->
  <testcase classname="Helperattributes.Threadpoolsize" name="login" time="15.969">
    <system-out>
      <![CDATA[login]]>
    </system-out>
  </testcase> <!-- login -->
  <testcase classname="Helperattributes.Threadpoolsize" name="login" time="8.962">
    <system-out>
      <![CDATA[login]]>
    </system-out>
  </testcase> <!-- login -->
  <testcase classname="Helperattributes.Threadpoolsize" name="login" time="13.243">
    <system-out>
      <![CDATA[login]]>
    </system-out>
  </testcase> <!-- login -->
  <testcase classname="Helperattributes.Threadpoolsize" name="login" time="13.419">
    <system-out>
      <![CDATA[login]]>
    </system-out>
  </testcase> <!-- login -->
  <testcase classname="Helperattributes.Threadpoolsize" name="login" time="9.242">
    <system-out>
      <![CDATA[login]]>
    </system-out>
  </testcase> <!-- login -->
  <system-out>
    <![CDATA[login
login
login
login
login
login]]>
  </system-out>
</testsuite> <!-- Helperattributes.Threadpoolsize -->
